#
# A fatal error has been detected by the Java Runtime Environment:
#
#  EXCEPTION_ACCESS_VIOLATION (0xc0000005) at pc=0x00007ffe6d2b129a, pid=10292, tid=7744
#
# JRE version: Java(TM) SE Runtime Environment (17.0.12+8) (build 17.0.12+8-LTS-286)
# Java VM: Java HotSpot(TM) 64-Bit Server VM (17.0.12+8-LTS-286, mixed mode, sharing, tiered, compressed oops, compressed class ptrs, g1 gc, windows-amd64)
# Problematic frame:
# V  [jvm.dll+0x6e129a]
#
# No core dump will be written. Minidumps are not enabled by default on client versions of Windows
#
# If you would like to submit a bug report, please visit:
#   https://bugreport.java.com/bugreport/crash.jsp
#

---------------  S U M M A R Y ------------

Command Line: -Dorg.gradle.internal.worker.tmpdir=D:\jewoo\coding_test_java\build\tmp\test\work -Xmx512m -Dfile.encoding=UTF-8 -Duser.country=KR -Duser.language=ko -Duser.variant -ea worker.org.gradle.process.internal.worker.GradleWorkerMain 'Gradle Test Executor 2'

Host: Intel(R) Core(TM) i7-10700F CPU @ 2.90GHz, 16 cores, 15G,  Windows 10 , 64 bit Build 19041 (10.0.19041.5072)
Time: Thu Nov 21 12:29:53 2024  Windows 10 , 64 bit Build 19041 (10.0.19041.5072) elapsed time: 0.279974 seconds (0d 0h 0m 0s)

---------------  T H R E A D  ---------------

Current thread (0x000001f9846bcb10):  JavaThread "main" [_thread_in_vm, id=7744, stack(0x000000abd0500000,0x000000abd0600000)]

Stack: [0x000000abd0500000,0x000000abd0600000],  sp=0x000000abd05fe1b0,  free space=1016k
Native frames: (J=compiled Java code, j=interpreted, Vv=VM code, C=native code)
V  [jvm.dll+0x6e129a]
V  [jvm.dll+0x62dbc7]
V  [jvm.dll+0x36e3f5]
V  [jvm.dll+0x36e1c6]
V  [jvm.dll+0x36d404]
V  [jvm.dll+0x36d3a8]
V  [jvm.dll+0x37d0ca]
C  0x000001f9933eb706

Java frames: (J=compiled Java code, j=interpreted, Vv=VM code)
j  java.util.stream.StreamSupport.stream(Ljava/util/Spliterator;Z)Ljava/util/stream/Stream;+5 java.base@17.0.12
j  java.util.Collection.stream()Ljava/util/stream/Stream;+7 java.base@17.0.12
j  java.lang.ClassLoader.packages()Ljava/util/stream/Stream;+7 java.base@17.0.12
j  java.lang.ClassLoader.getPackages()[Ljava/lang/Package;+1 java.base@17.0.12
j  worker.org.gradle.internal.classloader.FilteringClassLoader$RetrieveSystemPackagesClassLoader.getPackages()[Ljava/lang/Package;+1
j  worker.org.gradle.internal.classloader.FilteringClassLoader.<clinit>()V+26
v  ~StubRoutines::call_stub
j  worker.org.gradle.process.internal.worker.GradleWorkerMain.run()V+161
j  worker.org.gradle.process.internal.worker.GradleWorkerMain.main([Ljava/lang/String;)V+7
v  ~StubRoutines::call_stub

siginfo: EXCEPTION_ACCESS_VIOLATION (0xc0000005), reading address 0x00000000015e0164


Registers:
RAX=0x000001f9a09731c0, RBX=0x000001f9a01a80b8, RCX=0x00000000015e015d, RDX=0x0000000000000002
RSP=0x000000abd05fe1b0, RBP=0x000001f9846bcb10, RSI=0x000001f9846bcb10, RDI=0x000000abd05fe350
R8 =0x000001f9a01a80b8, R9 =0x0000000000000000, R10=0x000001f9846afe30, R11=0x000001f9a01a8110
R12=0x0000000000000001, R13=0x000001f9a0a0440d, R14=0x000001f9a01a6128, R15=0x00000000efd388f8
RIP=0x00007ffe6d2b129a, EFLAGS=0x0000000000010246


Register to memory mapping:

RIP=0x00007ffe6d2b129a jvm.dll
RAX=0x000001f9a09731c0 is pointing into metadata
RBX={method} {0x000001f9a01a80c0} 'mapMultiToInt' '
[error occurred during error reporting (printing register info), id 0xc0000005, EXCEPTION_ACCESS_VIOLATION (0xc0000005) at pc=0x00007ffe6d318676]

Top of Stack: (sp=0x000000abd05fe1b0)
0x000000abd05fe1b0:   000000abd05fe200 000001f9846bcb10
0x000000abd05fe1c0:   000001f9846b61f0 0000000000000bbb
0x000000abd05fe1d0:   000001f900000003 000001f9a00fdfe8
0x000000abd05fe1e0:   0000000000000000 00000000000003d8
0x000000abd05fe1f0:   000001f9846bd000 000001f9846bd3d8
0x000000abd05fe200:   0000000000000bbb 00007ffe00000000
0x000000abd05fe210:   000001f9ffffffff 000001f9846bcb10
0x000000abd05fe220:   000001f9a04fff78 00007ffe0000000e
0x000000abd05fe230:   000000000001999d 0000000c0000000c
0x000000abd05fe240:   000000000000000c 000001f9825f0d50
0x000000abd05fe250:   000001f9825f11b0 000001f9825f12f0
0x000000abd05fe260:   000001f9846bd5a4 000001f9846bd5b8
0x000000abd05fe270:   000000abd05fe370 000000abd05fe238
0x000000abd05fe280:   000000ab00000003 000001f9846ba848
0x000000abd05fe290:   000012cd0888f8d2 00007ffe6cbdb845
0x000000abd05fe2a0:   0000000000000000 000001f9a01a6128 

Instructions: (pc=0x00007ffe6d2b129a)
0x00007ffe6d2b119a:   48 89 05 b7 25 44 00 48 8d 0d b8 6e ff ff e8 13
0x00007ffe6d2b11aa:   c9 00 00 48 89 05 ac 25 44 00 e8 07 a7 00 00 48
0x00007ffe6d2b11ba:   83 c4 28 e9 ee 05 01 00 cc cc cc cc cc cc cc cc
0x00007ffe6d2b11ca:   cc cc cc cc cc cc 40 57 48 81 ec 10 01 00 00 48
0x00007ffe6d2b11da:   8b 05 e8 ff 3e 00 48 33 c4 48 89 84 24 e0 00 00
0x00007ffe6d2b11ea:   00 4c 8b 01 48 8b f9 41 8b 50 28 8b c2 c1 e8 0a
0x00007ffe6d2b11fa:   a8 01 74 0c 48 8b 05 7b 25 44 00 e9 c9 00 00 00
0x00007ffe6d2b120a:   49 8b 40 08 0f b7 48 2c 66 85 c9 75 0c 48 8b 05
0x00007ffe6d2b121a:   6a 25 44 00 e9 b0 00 00 00 66 83 f9 01 75 56 c1
0x00007ffe6d2b122a:   ea 03 84 d1 75 0c 48 8b 05 61 25 44 00 e9 97 00
0x00007ffe6d2b123a:   00 00 0f b7 48 24 48 8b 40 08 48 8b 4c c8 48 0f
0x00007ffe6d2b124a:   be 41 07 83 c0 be 83 f8 19 0f 87 83 00 00 00 48
0x00007ffe6d2b125a:   8d 15 a0 ed 91 ff 48 98 0f b6 84 02 c8 15 6e 00
0x00007ffe6d2b126a:   8b 8c 82 bc 15 6e 00 48 03 ca ff e1 48 8b 05 13
0x00007ffe6d2b127a:   25 44 00 eb 54 66 83 f9 02 75 57 c1 ea 03 f6 c2
0x00007ffe6d2b128a:   01 75 4f 0f b7 48 24 48 8b 40 08 48 8b 4c c8 48
0x00007ffe6d2b129a:   0f be 41 07 83 c0 be 83 f8 19 77 36 48 8d 15 53
0x00007ffe6d2b12aa:   ed 91 ff 48 98 0f b6 84 02 f0 15 6e 00 8b 8c 82
0x00007ffe6d2b12ba:   e4 15 6e 00 48 03 ca ff e1 48 8b 05 de 24 44 00
0x00007ffe6d2b12ca:   eb 07 48 8b 05 cd 24 44 00 48 85 c0 0f 85 7a 02
0x00007ffe6d2b12da:   00 00 65 48 8b 04 25 58 00 00 00 8b 0d 8d 6f 46
0x00007ffe6d2b12ea:   00 48 89 9c 24 28 01 00 00 48 89 b4 24 38 01 00
0x00007ffe6d2b12fa:   00 4c 89 a4 24 08 01 00 00 48 8b 1c c8 4c 89 ac
0x00007ffe6d2b130a:   24 00 01 00 00 b8 50 00 00 00 4c 89 b4 24 f8 00
0x00007ffe6d2b131a:   00 00 4c 89 bc 24 f0 00 00 00 80 3c 18 00 75 05
0x00007ffe6d2b132a:   e8 7d 51 15 00 b8 20 00 00 00 48 c7 44 24 30 00
0x00007ffe6d2b133a:   00 00 00 48 8b 04 18 4c 8b b0 38 02 00 00 49 8b
0x00007ffe6d2b134a:   46 18 4d 8b 7e 10 48 89 44 24 40 49 8b 46 20 48
0x00007ffe6d2b135a:   89 44 24 48 49 8b 46 28 48 89 44 24 38 48 8b 07
0x00007ffe6d2b136a:   4c 8b 40 08 44 8b 48 28 41 c1 e9 03 41 80 e1 01
0x00007ffe6d2b137a:   49 8b 08 49 8b 00 45 0f b7 68 2c 48 c1 e9 20 85
0x00007ffe6d2b138a:   c0 74 0d 81 f9 00 00 00 80 74 05 4d 8b 00 eb 03 


Stack slot to memory mapping:
stack at sp + 0 slots: 0x000000abd05fe200 is pointing into the stack for thread: 0x000001f9846bcb10
stack at sp + 1 slots: 0x000001f9846bcb10 is a thread
stack at sp + 2 slots: 0x000001f9846b61f0 points into unknown readable memory: 0x0000000000000000 | 00 00 00 00 00 00 00 00
stack at sp + 3 slots: 0x0000000000000bbb is an unknown value
stack at sp + 4 slots: 0x000001f900000003 is an unknown value
stack at sp + 5 slots: 0x000001f9a00fdfe8 is a pointer to class: 
java.util.stream.Stream {0x000001f9a00fdff0}
 - instance size:     2
 - klass size:        63
 - access:            public interface abstract 
 - state:             linked
 - name:              'java/util/stream/Stream'
 - super:             'java/lang/Object'
 - sub:               
 - nof implementors:  1
 - implementor:    
   'java/util/stream/ReferencePipeline'
 - arrays:            NULL
 - methods:           Array<T>(0x000001f9a06f14f0)
 - method ordering:   Array<T>(0x000001f9a06f28d8)
 - default_methods:   Array<T>(0x0000000000000000)
 - local interfaces:  Array<T>(0x000001f9a06f28c8)
 - trans. interfaces: Array<T>(0x000001f9a06f0128)
 - constants:         constant pool [446]/operands[35] {0x000001f9a06f0598} for 'java/util/stream/Stream' cache=0x000001f9a00ff3f8
 - class loader data:  loader data: 0x000001f99f953660 of 'bootstrap'
 - source file:       'Stream.java'
 - class annotations:       Array<T>(0x0000000000000000)
 - class type annotations:  Array<T>(0x0000000000000000)
 - field annotations:       Array<T>(0x0000000000000000)
 - field type annotations:  Array<T>(0x0000000000000000)
 - generic signature: '<T:Ljava/lang/Object;>Ljava/lang/Object;Ljava/util/stream/BaseStream<TT;Ljava/util/stream/Stream<TT;>;>;'
 - inner classes:     Array<T>(0x000001f9a06f1448)
 - nest members:     Array<T>(0x000001f9a06f29d0)
 - permitted subclasses:     Array<T>(0x000001f9a05d1e80)
 - java mirror:       a 'java/lang/Class'{0x00000000efd38790} = 'java/util/stream/Stream'
 - vtable length      5  (start addr: 0x000001f9a00fe1b0)
 - itable length      0 (start addr: 0x000001f9a00fe1d8)
 - ---- static fields (0 words):
 - ---- non-static fields (0 words):
 - non-static oop maps: 
stack at sp + 6 slots: 0x0 is NULL
stack at sp + 7 slots: 0x00000000000003d8 is an unknown value


---------------  P R O C E S S  ---------------

Threads class SMR info:
_java_thread_list=0x000001f99fc5cf00, length=13, elements={
0x000001f9846bcb10, 0x000001f99fa864c0, 0x000001f99fa87250, 0x000001f99faab350,
0x000001f99faae030, 0x000001f99faae900, 0x000001f99faaf1d0, 0x000001f99fab7de0,
0x000001f99fabdcb0, 0x000001f99fabe5c0, 0x000001f99fa737b0, 0x000001f99fd03bf0,
0x000001f99fd0a8b0
}

Java Threads: ( => current thread )
=>0x000001f9846bcb10 JavaThread "main" [_thread_in_vm, id=7744, stack(0x000000abd0500000,0x000000abd0600000)]
  0x000001f99fa864c0 JavaThread "Reference Handler" daemon [_thread_blocked, id=1876, stack(0x000000abd0c00000,0x000000abd0d00000)]
  0x000001f99fa87250 JavaThread "Finalizer" daemon [_thread_blocked, id=17080, stack(0x000000abd0d00000,0x000000abd0e00000)]
  0x000001f99faab350 JavaThread "Signal Dispatcher" daemon [_thread_blocked, id=17948, stack(0x000000abd0e00000,0x000000abd0f00000)]
  0x000001f99faae030 JavaThread "Attach Listener" daemon [_thread_blocked, id=15080, stack(0x000000abd0f00000,0x000000abd1000000)]
  0x000001f99faae900 JavaThread "Service Thread" daemon [_thread_blocked, id=17012, stack(0x000000abd1000000,0x000000abd1100000)]
  0x000001f99faaf1d0 JavaThread "Monitor Deflation Thread" daemon [_thread_blocked, id=6564, stack(0x000000abd1100000,0x000000abd1200000)]
  0x000001f99fab7de0 JavaThread "C2 CompilerThread0" daemon [_thread_blocked, id=17088, stack(0x000000abd1200000,0x000000abd1300000)]
  0x000001f99fabdcb0 JavaThread "C1 CompilerThread0" daemon [_thread_blocked, id=7560, stack(0x000000abd1300000,0x000000abd1400000)]
  0x000001f99fabe5c0 JavaThread "Sweeper thread" daemon [_thread_blocked, id=7132, stack(0x000000abd1400000,0x000000abd1500000)]
  0x000001f99fa737b0 JavaThread "C1 CompilerThread1" daemon [_thread_blocked, id=16712, stack(0x000000abd1500000,0x000000abd1600000)]
  0x000001f99fd03bf0 JavaThread "Notification Thread" daemon [_thread_blocked, id=15952, stack(0x000000abd1600000,0x000000abd1700000)]
  0x000001f99fd0a8b0 JavaThread "Common-Cleaner" daemon [_thread_blocked, id=1328, stack(0x000000abd1800000,0x000000abd1900000)]

Other Threads:
  0x000001f99fa7f990 VMThread "VM Thread" [stack: 0x000000abd0b00000,0x000000abd0c00000] [id=18176]
  0x000001f99fd05e40 WatcherThread [stack: 0x000000abd1700000,0x000000abd1800000] [id=17836]
  0x000001f9846ea5e0 GCTaskThread "GC Thread#0" [stack: 0x000000abd0600000,0x000000abd0700000] [id=15444]
  0x000001f9846f0450 ConcurrentGCThread "G1 Main Marker" [stack: 0x000000abd0700000,0x000000abd0800000] [id=17544]
  0x000001f9846f0d70 ConcurrentGCThread "G1 Conc#0" [stack: 0x000000abd0800000,0x000000abd0900000] [id=18332]
  0x000001f99f94a110 ConcurrentGCThread "G1 Refine#0" [stack: 0x000000abd0900000,0x000000abd0a00000] [id=11936]
  0x000001f99f94aa50 ConcurrentGCThread "G1 Service" [stack: 0x000000abd0a00000,0x000000abd0b00000] [id=9268]

Threads with active compile tasks:

VM state: not at safepoint (normal execution)

VM Mutex/Monitor currently owned by a thread: None

Heap address: 0x00000000e0000000, size: 512 MB, Compressed Oops mode: 32-bit

CDS archive(s) mapped at: [0x000001f9a0000000-0x000001f9a0bd0000-0x000001f9a0bd0000), size 12386304, SharedBaseAddress: 0x000001f9a0000000, ArchiveRelocationMode: 1.
Compressed class space mapped at: 0x000001f9a1000000-0x000001f9e1000000, reserved size: 1073741824
Narrow klass base: 0x000001f9a0000000, Narrow klass shift: 0, Narrow klass range: 0x100000000

GC Precious Log:
 CPUs: 16 total, 16 available
 Memory: 16310M
 Large Page Support: Disabled
 NUMA Support: Disabled
 Compressed Oops: Enabled (32-bit)
 Heap Region Size: 1M
 Heap Min Capacity: 8M
 Heap Initial Capacity: 256M
 Heap Max Capacity: 512M
 Pre-touch: Disabled
 Parallel Workers: 13
 Concurrent Workers: 3
 Concurrent Refinement Workers: 13
 Periodic GC: Disabled

Heap:
 garbage-first heap   total 262144K, used 2048K [0x00000000e0000000, 0x0000000100000000)
  region size 1024K, 3 young (3072K), 0 survivors (0K)
 Metaspace       used 317K, committed 448K, reserved 1114112K
  class space    used 24K, committed 128K, reserved 1048576K

Heap Regions: E=young(eden), S=young(survivor), O=old, HS=humongous(starts), HC=humongous(continues), CS=collection set, F=free, OA=open archive, CA=closed archive, TAMS=top-at-mark-start (previous, next)
|   0|0x00000000e0000000, 0x00000000e0000000, 0x00000000e0100000|  0%| F|  |TAMS 0x00000000e0000000, 0x00000000e0000000| Untracked 
|   1|0x00000000e0100000, 0x00000000e0100000, 0x00000000e0200000|  0%| F|  |TAMS 0x00000000e0100000, 0x00000000e0100000| Untracked 
|   2|0x00000000e0200000, 0x00000000e0200000, 0x00000000e0300000|  0%| F|  |TAMS 0x00000000e0200000, 0x00000000e0200000| Untracked 
|   3|0x00000000e0300000, 0x00000000e0300000, 0x00000000e0400000|  0%| F|  |TAMS 0x00000000e0300000, 0x00000000e0300000| Untracked 
|   4|0x00000000e0400000, 0x00000000e0400000, 0x00000000e0500000|  0%| F|  |TAMS 0x00000000e0400000, 0x00000000e0400000| Untracked 
|   5|0x00000000e0500000, 0x00000000e0500000, 0x00000000e0600000|  0%| F|  |TAMS 0x00000000e0500000, 0x00000000e0500000| Untracked 
|   6|0x00000000e0600000, 0x00000000e0600000, 0x00000000e0700000|  0%| F|  |TAMS 0x00000000e0600000, 0x00000000e0600000| Untracked 
|   7|0x00000000e0700000, 0x00000000e0700000, 0x00000000e0800000|  0%| F|  |TAMS 0x00000000e0700000, 0x00000000e0700000| Untracked 
|   8|0x00000000e0800000, 0x00000000e0800000, 0x00000000e0900000|  0%| F|  |TAMS 0x00000000e0800000, 0x00000000e0800000| Untracked 
|   9|0x00000000e0900000, 0x00000000e0900000, 0x00000000e0a00000|  0%| F|  |TAMS 0x00000000e0900000, 0x00000000e0900000| Untracked 
|  10|0x00000000e0a00000, 0x00000000e0a00000, 0x00000000e0b00000|  0%| F|  |TAMS 0x00000000e0a00000, 0x00000000e0a00000| Untracked 
|  11|0x00000000e0b00000, 0x00000000e0b00000, 0x00000000e0c00000|  0%| F|  |TAMS 0x00000000e0b00000, 0x00000000e0b00000| Untracked 
|  12|0x00000000e0c00000, 0x00000000e0c00000, 0x00000000e0d00000|  0%| F|  |TAMS 0x00000000e0c00000, 0x00000000e0c00000| Untracked 
|  13|0x00000000e0d00000, 0x00000000e0d00000, 0x00000000e0e00000|  0%| F|  |TAMS 0x00000000e0d00000, 0x00000000e0d00000| Untracked 
|  14|0x00000000e0e00000, 0x00000000e0e00000, 0x00000000e0f00000|  0%| F|  |TAMS 0x00000000e0e00000, 0x00000000e0e00000| Untracked 
|  15|0x00000000e0f00000, 0x00000000e0f00000, 0x00000000e1000000|  0%| F|  |TAMS 0x00000000e0f00000, 0x00000000e0f00000| Untracked 
|  16|0x00000000e1000000, 0x00000000e1000000, 0x00000000e1100000|  0%| F|  |TAMS 0x00000000e1000000, 0x00000000e1000000| Untracked 
|  17|0x00000000e1100000, 0x00000000e1100000, 0x00000000e1200000|  0%| F|  |TAMS 0x00000000e1100000, 0x00000000e1100000| Untracked 
|  18|0x00000000e1200000, 0x00000000e1200000, 0x00000000e1300000|  0%| F|  |TAMS 0x00000000e1200000, 0x00000000e1200000| Untracked 
|  19|0x00000000e1300000, 0x00000000e1300000, 0x00000000e1400000|  0%| F|  |TAMS 0x00000000e1300000, 0x00000000e1300000| Untracked 
|  20|0x00000000e1400000, 0x00000000e1400000, 0x00000000e1500000|  0%| F|  |TAMS 0x00000000e1400000, 0x00000000e1400000| Untracked 
|  21|0x00000000e1500000, 0x00000000e1500000, 0x00000000e1600000|  0%| F|  |TAMS 0x00000000e1500000, 0x00000000e1500000| Untracked 
|  22|0x00000000e1600000, 0x00000000e1600000, 0x00000000e1700000|  0%| F|  |TAMS 0x00000000e1600000, 0x00000000e1600000| Untracked 
|  23|0x00000000e1700000, 0x00000000e1700000, 0x00000000e1800000|  0%| F|  |TAMS 0x00000000e1700000, 0x00000000e1700000| Untracked 
|  24|0x00000000e1800000, 0x00000000e1800000, 0x00000000e1900000|  0%| F|  |TAMS 0x00000000e1800000, 0x00000000e1800000| Untracked 
|  25|0x00000000e1900000, 0x00000000e1900000, 0x00000000e1a00000|  0%| F|  |TAMS 0x00000000e1900000, 0x00000000e1900000| Untracked 
|  26|0x00000000e1a00000, 0x00000000e1a00000, 0x00000000e1b00000|  0%| F|  |TAMS 0x00000000e1a00000, 0x00000000e1a00000| Untracked 
|  27|0x00000000e1b00000, 0x00000000e1b00000, 0x00000000e1c00000|  0%| F|  |TAMS 0x00000000e1b00000, 0x00000000e1b00000| Untracked 
|  28|0x00000000e1c00000, 0x00000000e1c00000, 0x00000000e1d00000|  0%| F|  |TAMS 0x00000000e1c00000, 0x00000000e1c00000| Untracked 
|  29|0x00000000e1d00000, 0x00000000e1d00000, 0x00000000e1e00000|  0%| F|  |TAMS 0x00000000e1d00000, 0x00000000e1d00000| Untracked 
|  30|0x00000000e1e00000, 0x00000000e1e00000, 0x00000000e1f00000|  0%| F|  |TAMS 0x00000000e1e00000, 0x00000000e1e00000| Untracked 
|  31|0x00000000e1f00000, 0x00000000e1f00000, 0x00000000e2000000|  0%| F|  |TAMS 0x00000000e1f00000, 0x00000000e1f00000| Untracked 
|  32|0x00000000e2000000, 0x00000000e2000000, 0x00000000e2100000|  0%| F|  |TAMS 0x00000000e2000000, 0x00000000e2000000| Untracked 
|  33|0x00000000e2100000, 0x00000000e2100000, 0x00000000e2200000|  0%| F|  |TAMS 0x00000000e2100000, 0x00000000e2100000| Untracked 
|  34|0x00000000e2200000, 0x00000000e2200000, 0x00000000e2300000|  0%| F|  |TAMS 0x00000000e2200000, 0x00000000e2200000| Untracked 
|  35|0x00000000e2300000, 0x00000000e2300000, 0x00000000e2400000|  0%| F|  |TAMS 0x00000000e2300000, 0x00000000e2300000| Untracked 
|  36|0x00000000e2400000, 0x00000000e2400000, 0x00000000e2500000|  0%| F|  |TAMS 0x00000000e2400000, 0x00000000e2400000| Untracked 
|  37|0x00000000e2500000, 0x00000000e2500000, 0x00000000e2600000|  0%| F|  |TAMS 0x00000000e2500000, 0x00000000e2500000| Untracked 
|  38|0x00000000e2600000, 0x00000000e2600000, 0x00000000e2700000|  0%| F|  |TAMS 0x00000000e2600000, 0x00000000e2600000| Untracked 
|  39|0x00000000e2700000, 0x00000000e2700000, 0x00000000e2800000|  0%| F|  |TAMS 0x00000000e2700000, 0x00000000e2700000| Untracked 
|  40|0x00000000e2800000, 0x00000000e2800000, 0x00000000e2900000|  0%| F|  |TAMS 0x00000000e2800000, 0x00000000e2800000| Untracked 
|  41|0x00000000e2900000, 0x00000000e2900000, 0x00000000e2a00000|  0%| F|  |TAMS 0x00000000e2900000, 0x00000000e2900000| Untracked 
|  42|0x00000000e2a00000, 0x00000000e2a00000, 0x00000000e2b00000|  0%| F|  |TAMS 0x00000000e2a00000, 0x00000000e2a00000| Untracked 
|  43|0x00000000e2b00000, 0x00000000e2b00000, 0x00000000e2c00000|  0%| F|  |TAMS 0x00000000e2b00000, 0x00000000e2b00000| Untracked 
|  44|0x00000000e2c00000, 0x00000000e2c00000, 0x00000000e2d00000|  0%| F|  |TAMS 0x00000000e2c00000, 0x00000000e2c00000| Untracked 
|  45|0x00000000e2d00000, 0x00000000e2d00000, 0x00000000e2e00000|  0%| F|  |TAMS 0x00000000e2d00000, 0x00000000e2d00000| Untracked 
|  46|0x00000000e2e00000, 0x00000000e2e00000, 0x00000000e2f00000|  0%| F|  |TAMS 0x00000000e2e00000, 0x00000000e2e00000| Untracked 
|  47|0x00000000e2f00000, 0x00000000e2f00000, 0x00000000e3000000|  0%| F|  |TAMS 0x00000000e2f00000, 0x00000000e2f00000| Untracked 
|  48|0x00000000e3000000, 0x00000000e3000000, 0x00000000e3100000|  0%| F|  |TAMS 0x00000000e3000000, 0x00000000e3000000| Untracked 
|  49|0x00000000e3100000, 0x00000000e3100000, 0x00000000e3200000|  0%| F|  |TAMS 0x00000000e3100000, 0x00000000e3100000| Untracked 
|  50|0x00000000e3200000, 0x00000000e3200000, 0x00000000e3300000|  0%| F|  |TAMS 0x00000000e3200000, 0x00000000e3200000| Untracked 
|  51|0x00000000e3300000, 0x00000000e3300000, 0x00000000e3400000|  0%| F|  |TAMS 0x00000000e3300000, 0x00000000e3300000| Untracked 
|  52|0x00000000e3400000, 0x00000000e3400000, 0x00000000e3500000|  0%| F|  |TAMS 0x00000000e3400000, 0x00000000e3400000| Untracked 
|  53|0x00000000e3500000, 0x00000000e3500000, 0x00000000e3600000|  0%| F|  |TAMS 0x00000000e3500000, 0x00000000e3500000| Untracked 
|  54|0x00000000e3600000, 0x00000000e3600000, 0x00000000e3700000|  0%| F|  |TAMS 0x00000000e3600000, 0x00000000e3600000| Untracked 
|  55|0x00000000e3700000, 0x00000000e3700000, 0x00000000e3800000|  0%| F|  |TAMS 0x00000000e3700000, 0x00000000e3700000| Untracked 
|  56|0x00000000e3800000, 0x00000000e3800000, 0x00000000e3900000|  0%| F|  |TAMS 0x00000000e3800000, 0x00000000e3800000| Untracked 
|  57|0x00000000e3900000, 0x00000000e3900000, 0x00000000e3a00000|  0%| F|  |TAMS 0x00000000e3900000, 0x00000000e3900000| Untracked 
|  58|0x00000000e3a00000, 0x00000000e3a00000, 0x00000000e3b00000|  0%| F|  |TAMS 0x00000000e3a00000, 0x00000000e3a00000| Untracked 
|  59|0x00000000e3b00000, 0x00000000e3b00000, 0x00000000e3c00000|  0%| F|  |TAMS 0x00000000e3b00000, 0x00000000e3b00000| Untracked 
|  60|0x00000000e3c00000, 0x00000000e3c00000, 0x00000000e3d00000|  0%| F|  |TAMS 0x00000000e3c00000, 0x00000000e3c00000| Untracked 
|  61|0x00000000e3d00000, 0x00000000e3d00000, 0x00000000e3e00000|  0%| F|  |TAMS 0x00000000e3d00000, 0x00000000e3d00000| Untracked 
|  62|0x00000000e3e00000, 0x00000000e3e00000, 0x00000000e3f00000|  0%| F|  |TAMS 0x00000000e3e00000, 0x00000000e3e00000| Untracked 
|  63|0x00000000e3f00000, 0x00000000e3f00000, 0x00000000e4000000|  0%| F|  |TAMS 0x00000000e3f00000, 0x00000000e3f00000| Untracked 
|  64|0x00000000e4000000, 0x00000000e4000000, 0x00000000e4100000|  0%| F|  |TAMS 0x00000000e4000000, 0x00000000e4000000| Untracked 
|  65|0x00000000e4100000, 0x00000000e4100000, 0x00000000e4200000|  0%| F|  |TAMS 0x00000000e4100000, 0x00000000e4100000| Untracked 
|  66|0x00000000e4200000, 0x00000000e4200000, 0x00000000e4300000|  0%| F|  |TAMS 0x00000000e4200000, 0x00000000e4200000| Untracked 
|  67|0x00000000e4300000, 0x00000000e4300000, 0x00000000e4400000|  0%| F|  |TAMS 0x00000000e4300000, 0x00000000e4300000| Untracked 
|  68|0x00000000e4400000, 0x00000000e4400000, 0x00000000e4500000|  0%| F|  |TAMS 0x00000000e4400000, 0x00000000e4400000| Untracked 
|  69|0x00000000e4500000, 0x00000000e4500000, 0x00000000e4600000|  0%| F|  |TAMS 0x00000000e4500000, 0x00000000e4500000| Untracked 
|  70|0x00000000e4600000, 0x00000000e4600000, 0x00000000e4700000|  0%| F|  |TAMS 0x00000000e4600000, 0x00000000e4600000| Untracked 
|  71|0x00000000e4700000, 0x00000000e4700000, 0x00000000e4800000|  0%| F|  |TAMS 0x00000000e4700000, 0x00000000e4700000| Untracked 
|  72|0x00000000e4800000, 0x00000000e4800000, 0x00000000e4900000|  0%| F|  |TAMS 0x00000000e4800000, 0x00000000e4800000| Untracked 
|  73|0x00000000e4900000, 0x00000000e4900000, 0x00000000e4a00000|  0%| F|  |TAMS 0x00000000e4900000, 0x00000000e4900000| Untracked 
|  74|0x00000000e4a00000, 0x00000000e4a00000, 0x00000000e4b00000|  0%| F|  |TAMS 0x00000000e4a00000, 0x00000000e4a00000| Untracked 
|  75|0x00000000e4b00000, 0x00000000e4b00000, 0x00000000e4c00000|  0%| F|  |TAMS 0x00000000e4b00000, 0x00000000e4b00000| Untracked 
|  76|0x00000000e4c00000, 0x00000000e4c00000, 0x00000000e4d00000|  0%| F|  |TAMS 0x00000000e4c00000, 0x00000000e4c00000| Untracked 
|  77|0x00000000e4d00000, 0x00000000e4d00000, 0x00000000e4e00000|  0%| F|  |TAMS 0x00000000e4d00000, 0x00000000e4d00000| Untracked 
|  78|0x00000000e4e00000, 0x00000000e4e00000, 0x00000000e4f00000|  0%| F|  |TAMS 0x00000000e4e00000, 0x00000000e4e00000| Untracked 
|  79|0x00000000e4f00000, 0x00000000e4f00000, 0x00000000e5000000|  0%| F|  |TAMS 0x00000000e4f00000, 0x00000000e4f00000| Untracked 
|  80|0x00000000e5000000, 0x00000000e5000000, 0x00000000e5100000|  0%| F|  |TAMS 0x00000000e5000000, 0x00000000e5000000| Untracked 
|  81|0x00000000e5100000, 0x00000000e5100000, 0x00000000e5200000|  0%| F|  |TAMS 0x00000000e5100000, 0x00000000e5100000| Untracked 
|  82|0x00000000e5200000, 0x00000000e5200000, 0x00000000e5300000|  0%| F|  |TAMS 0x00000000e5200000, 0x00000000e5200000| Untracked 
|  83|0x00000000e5300000, 0x00000000e5300000, 0x00000000e5400000|  0%| F|  |TAMS 0x00000000e5300000, 0x00000000e5300000| Untracked 
|  84|0x00000000e5400000, 0x00000000e5400000, 0x00000000e5500000|  0%| F|  |TAMS 0x00000000e5400000, 0x00000000e5400000| Untracked 
|  85|0x00000000e5500000, 0x00000000e5500000, 0x00000000e5600000|  0%| F|  |TAMS 0x00000000e5500000, 0x00000000e5500000| Untracked 
|  86|0x00000000e5600000, 0x00000000e5600000, 0x00000000e5700000|  0%| F|  |TAMS 0x00000000e5600000, 0x00000000e5600000| Untracked 
|  87|0x00000000e5700000, 0x00000000e5700000, 0x00000000e5800000|  0%| F|  |TAMS 0x00000000e5700000, 0x00000000e5700000| Untracked 
|  88|0x00000000e5800000, 0x00000000e5800000, 0x00000000e5900000|  0%| F|  |TAMS 0x00000000e5800000, 0x00000000e5800000| Untracked 
|  89|0x00000000e5900000, 0x00000000e5900000, 0x00000000e5a00000|  0%| F|  |TAMS 0x00000000e5900000, 0x00000000e5900000| Untracked 
|  90|0x00000000e5a00000, 0x00000000e5a00000, 0x00000000e5b00000|  0%| F|  |TAMS 0x00000000e5a00000, 0x00000000e5a00000| Untracked 
|  91|0x00000000e5b00000, 0x00000000e5b00000, 0x00000000e5c00000|  0%| F|  |TAMS 0x00000000e5b00000, 0x00000000e5b00000| Untracked 
|  92|0x00000000e5c00000, 0x00000000e5c00000, 0x00000000e5d00000|  0%| F|  |TAMS 0x00000000e5c00000, 0x00000000e5c00000| Untracked 
|  93|0x00000000e5d00000, 0x00000000e5d00000, 0x00000000e5e00000|  0%| F|  |TAMS 0x00000000e5d00000, 0x00000000e5d00000| Untracked 
|  94|0x00000000e5e00000, 0x00000000e5e00000, 0x00000000e5f00000|  0%| F|  |TAMS 0x00000000e5e00000, 0x00000000e5e00000| Untracked 
|  95|0x00000000e5f00000, 0x00000000e5f00000, 0x00000000e6000000|  0%| F|  |TAMS 0x00000000e5f00000, 0x00000000e5f00000| Untracked 
|  96|0x00000000e6000000, 0x00000000e6000000, 0x00000000e6100000|  0%| F|  |TAMS 0x00000000e6000000, 0x00000000e6000000| Untracked 
|  97|0x00000000e6100000, 0x00000000e6100000, 0x00000000e6200000|  0%| F|  |TAMS 0x00000000e6100000, 0x00000000e6100000| Untracked 
|  98|0x00000000e6200000, 0x00000000e6200000, 0x00000000e6300000|  0%| F|  |TAMS 0x00000000e6200000, 0x00000000e6200000| Untracked 
|  99|0x00000000e6300000, 0x00000000e6300000, 0x00000000e6400000|  0%| F|  |TAMS 0x00000000e6300000, 0x00000000e6300000| Untracked 
| 100|0x00000000e6400000, 0x00000000e6400000, 0x00000000e6500000|  0%| F|  |TAMS 0x00000000e6400000, 0x00000000e6400000| Untracked 
| 101|0x00000000e6500000, 0x00000000e6500000, 0x00000000e6600000|  0%| F|  |TAMS 0x00000000e6500000, 0x00000000e6500000| Untracked 
| 102|0x00000000e6600000, 0x00000000e6600000, 0x00000000e6700000|  0%| F|  |TAMS 0x00000000e6600000, 0x00000000e6600000| Untracked 
| 103|0x00000000e6700000, 0x00000000e6700000, 0x00000000e6800000|  0%| F|  |TAMS 0x00000000e6700000, 0x00000000e6700000| Untracked 
| 104|0x00000000e6800000, 0x00000000e6800000, 0x00000000e6900000|  0%| F|  |TAMS 0x00000000e6800000, 0x00000000e6800000| Untracked 
| 105|0x00000000e6900000, 0x00000000e6900000, 0x00000000e6a00000|  0%| F|  |TAMS 0x00000000e6900000, 0x00000000e6900000| Untracked 
| 106|0x00000000e6a00000, 0x00000000e6a00000, 0x00000000e6b00000|  0%| F|  |TAMS 0x00000000e6a00000, 0x00000000e6a00000| Untracked 
| 107|0x00000000e6b00000, 0x00000000e6b00000, 0x00000000e6c00000|  0%| F|  |TAMS 0x00000000e6b00000, 0x00000000e6b00000| Untracked 
| 108|0x00000000e6c00000, 0x00000000e6c00000, 0x00000000e6d00000|  0%| F|  |TAMS 0x00000000e6c00000, 0x00000000e6c00000| Untracked 
| 109|0x00000000e6d00000, 0x00000000e6d00000, 0x00000000e6e00000|  0%| F|  |TAMS 0x00000000e6d00000, 0x00000000e6d00000| Untracked 
| 110|0x00000000e6e00000, 0x00000000e6e00000, 0x00000000e6f00000|  0%| F|  |TAMS 0x00000000e6e00000, 0x00000000e6e00000| Untracked 
| 111|0x00000000e6f00000, 0x00000000e6f00000, 0x00000000e7000000|  0%| F|  |TAMS 0x00000000e6f00000, 0x00000000e6f00000| Untracked 
| 112|0x00000000e7000000, 0x00000000e7000000, 0x00000000e7100000|  0%| F|  |TAMS 0x00000000e7000000, 0x00000000e7000000| Untracked 
| 113|0x00000000e7100000, 0x00000000e7100000, 0x00000000e7200000|  0%| F|  |TAMS 0x00000000e7100000, 0x00000000e7100000| Untracked 
| 114|0x00000000e7200000, 0x00000000e7200000, 0x00000000e7300000|  0%| F|  |TAMS 0x00000000e7200000, 0x00000000e7200000| Untracked 
| 115|0x00000000e7300000, 0x00000000e7300000, 0x00000000e7400000|  0%| F|  |TAMS 0x00000000e7300000, 0x00000000e7300000| Untracked 
| 116|0x00000000e7400000, 0x00000000e7400000, 0x00000000e7500000|  0%| F|  |TAMS 0x00000000e7400000, 0x00000000e7400000| Untracked 
| 117|0x00000000e7500000, 0x00000000e7500000, 0x00000000e7600000|  0%| F|  |TAMS 0x00000000e7500000, 0x00000000e7500000| Untracked 
| 118|0x00000000e7600000, 0x00000000e7600000, 0x00000000e7700000|  0%| F|  |TAMS 0x00000000e7600000, 0x00000000e7600000| Untracked 
| 119|0x00000000e7700000, 0x00000000e7700000, 0x00000000e7800000|  0%| F|  |TAMS 0x00000000e7700000, 0x00000000e7700000| Untracked 
| 120|0x00000000e7800000, 0x00000000e7800000, 0x00000000e7900000|  0%| F|  |TAMS 0x00000000e7800000, 0x00000000e7800000| Untracked 
| 121|0x00000000e7900000, 0x00000000e7900000, 0x00000000e7a00000|  0%| F|  |TAMS 0x00000000e7900000, 0x00000000e7900000| Untracked 
| 122|0x00000000e7a00000, 0x00000000e7a00000, 0x00000000e7b00000|  0%| F|  |TAMS 0x00000000e7a00000, 0x00000000e7a00000| Untracked 
| 123|0x00000000e7b00000, 0x00000000e7b00000, 0x00000000e7c00000|  0%| F|  |TAMS 0x00000000e7b00000, 0x00000000e7b00000| Untracked 
| 124|0x00000000e7c00000, 0x00000000e7c00000, 0x00000000e7d00000|  0%| F|  |TAMS 0x00000000e7c00000, 0x00000000e7c00000| Untracked 
| 125|0x00000000e7d00000, 0x00000000e7d00000, 0x00000000e7e00000|  0%| F|  |TAMS 0x00000000e7d00000, 0x00000000e7d00000| Untracked 
| 126|0x00000000e7e00000, 0x00000000e7e00000, 0x00000000e7f00000|  0%| F|  |TAMS 0x00000000e7e00000, 0x00000000e7e00000| Untracked 
| 127|0x00000000e7f00000, 0x00000000e7f00000, 0x00000000e8000000|  0%| F|  |TAMS 0x00000000e7f00000, 0x00000000e7f00000| Untracked 
| 128|0x00000000e8000000, 0x00000000e8000000, 0x00000000e8100000|  0%| F|  |TAMS 0x00000000e8000000, 0x00000000e8000000| Untracked 
| 129|0x00000000e8100000, 0x00000000e8100000, 0x00000000e8200000|  0%| F|  |TAMS 0x00000000e8100000, 0x00000000e8100000| Untracked 
| 130|0x00000000e8200000, 0x00000000e8200000, 0x00000000e8300000|  0%| F|  |TAMS 0x00000000e8200000, 0x00000000e8200000| Untracked 
| 131|0x00000000e8300000, 0x00000000e8300000, 0x00000000e8400000|  0%| F|  |TAMS 0x00000000e8300000, 0x00000000e8300000| Untracked 
| 132|0x00000000e8400000, 0x00000000e8400000, 0x00000000e8500000|  0%| F|  |TAMS 0x00000000e8400000, 0x00000000e8400000| Untracked 
| 133|0x00000000e8500000, 0x00000000e8500000, 0x00000000e8600000|  0%| F|  |TAMS 0x00000000e8500000, 0x00000000e8500000| Untracked 
| 134|0x00000000e8600000, 0x00000000e8600000, 0x00000000e8700000|  0%| F|  |TAMS 0x00000000e8600000, 0x00000000e8600000| Untracked 
| 135|0x00000000e8700000, 0x00000000e8700000, 0x00000000e8800000|  0%| F|  |TAMS 0x00000000e8700000, 0x00000000e8700000| Untracked 
| 136|0x00000000e8800000, 0x00000000e8800000, 0x00000000e8900000|  0%| F|  |TAMS 0x00000000e8800000, 0x00000000e8800000| Untracked 
| 137|0x00000000e8900000, 0x00000000e8900000, 0x00000000e8a00000|  0%| F|  |TAMS 0x00000000e8900000, 0x00000000e8900000| Untracked 
| 138|0x00000000e8a00000, 0x00000000e8a00000, 0x00000000e8b00000|  0%| F|  |TAMS 0x00000000e8a00000, 0x00000000e8a00000| Untracked 
| 139|0x00000000e8b00000, 0x00000000e8b00000, 0x00000000e8c00000|  0%| F|  |TAMS 0x00000000e8b00000, 0x00000000e8b00000| Untracked 
| 140|0x00000000e8c00000, 0x00000000e8c00000, 0x00000000e8d00000|  0%| F|  |TAMS 0x00000000e8c00000, 0x00000000e8c00000| Untracked 
| 141|0x00000000e8d00000, 0x00000000e8d00000, 0x00000000e8e00000|  0%| F|  |TAMS 0x00000000e8d00000, 0x00000000e8d00000| Untracked 
| 142|0x00000000e8e00000, 0x00000000e8e00000, 0x00000000e8f00000|  0%| F|  |TAMS 0x00000000e8e00000, 0x00000000e8e00000| Untracked 
| 143|0x00000000e8f00000, 0x00000000e8f00000, 0x00000000e9000000|  0%| F|  |TAMS 0x00000000e8f00000, 0x00000000e8f00000| Untracked 
| 144|0x00000000e9000000, 0x00000000e9000000, 0x00000000e9100000|  0%| F|  |TAMS 0x00000000e9000000, 0x00000000e9000000| Untracked 
| 145|0x00000000e9100000, 0x00000000e9100000, 0x00000000e9200000|  0%| F|  |TAMS 0x00000000e9100000, 0x00000000e9100000| Untracked 
| 146|0x00000000e9200000, 0x00000000e9200000, 0x00000000e9300000|  0%| F|  |TAMS 0x00000000e9200000, 0x00000000e9200000| Untracked 
| 147|0x00000000e9300000, 0x00000000e9300000, 0x00000000e9400000|  0%| F|  |TAMS 0x00000000e9300000, 0x00000000e9300000| Untracked 
| 148|0x00000000e9400000, 0x00000000e9400000, 0x00000000e9500000|  0%| F|  |TAMS 0x00000000e9400000, 0x00000000e9400000| Untracked 
| 149|0x00000000e9500000, 0x00000000e9500000, 0x00000000e9600000|  0%| F|  |TAMS 0x00000000e9500000, 0x00000000e9500000| Untracked 
| 150|0x00000000e9600000, 0x00000000e9600000, 0x00000000e9700000|  0%| F|  |TAMS 0x00000000e9600000, 0x00000000e9600000| Untracked 
| 151|0x00000000e9700000, 0x00000000e9700000, 0x00000000e9800000|  0%| F|  |TAMS 0x00000000e9700000, 0x00000000e9700000| Untracked 
| 152|0x00000000e9800000, 0x00000000e9800000, 0x00000000e9900000|  0%| F|  |TAMS 0x00000000e9800000, 0x00000000e9800000| Untracked 
| 153|0x00000000e9900000, 0x00000000e9900000, 0x00000000e9a00000|  0%| F|  |TAMS 0x00000000e9900000, 0x00000000e9900000| Untracked 
| 154|0x00000000e9a00000, 0x00000000e9a00000, 0x00000000e9b00000|  0%| F|  |TAMS 0x00000000e9a00000, 0x00000000e9a00000| Untracked 
| 155|0x00000000e9b00000, 0x00000000e9b00000, 0x00000000e9c00000|  0%| F|  |TAMS 0x00000000e9b00000, 0x00000000e9b00000| Untracked 
| 156|0x00000000e9c00000, 0x00000000e9c00000, 0x00000000e9d00000|  0%| F|  |TAMS 0x00000000e9c00000, 0x00000000e9c00000| Untracked 
| 157|0x00000000e9d00000, 0x00000000e9d00000, 0x00000000e9e00000|  0%| F|  |TAMS 0x00000000e9d00000, 0x00000000e9d00000| Untracked 
| 158|0x00000000e9e00000, 0x00000000e9e00000, 0x00000000e9f00000|  0%| F|  |TAMS 0x00000000e9e00000, 0x00000000e9e00000| Untracked 
| 159|0x00000000e9f00000, 0x00000000e9f00000, 0x00000000ea000000|  0%| F|  |TAMS 0x00000000e9f00000, 0x00000000e9f00000| Untracked 
| 160|0x00000000ea000000, 0x00000000ea000000, 0x00000000ea100000|  0%| F|  |TAMS 0x00000000ea000000, 0x00000000ea000000| Untracked 
| 161|0x00000000ea100000, 0x00000000ea100000, 0x00000000ea200000|  0%| F|  |TAMS 0x00000000ea100000, 0x00000000ea100000| Untracked 
| 162|0x00000000ea200000, 0x00000000ea200000, 0x00000000ea300000|  0%| F|  |TAMS 0x00000000ea200000, 0x00000000ea200000| Untracked 
| 163|0x00000000ea300000, 0x00000000ea300000, 0x00000000ea400000|  0%| F|  |TAMS 0x00000000ea300000, 0x00000000ea300000| Untracked 
| 164|0x00000000ea400000, 0x00000000ea400000, 0x00000000ea500000|  0%| F|  |TAMS 0x00000000ea400000, 0x00000000ea400000| Untracked 
| 165|0x00000000ea500000, 0x00000000ea500000, 0x00000000ea600000|  0%| F|  |TAMS 0x00000000ea500000, 0x00000000ea500000| Untracked 
| 166|0x00000000ea600000, 0x00000000ea600000, 0x00000000ea700000|  0%| F|  |TAMS 0x00000000ea600000, 0x00000000ea600000| Untracked 
| 167|0x00000000ea700000, 0x00000000ea700000, 0x00000000ea800000|  0%| F|  |TAMS 0x00000000ea700000, 0x00000000ea700000| Untracked 
| 168|0x00000000ea800000, 0x00000000ea800000, 0x00000000ea900000|  0%| F|  |TAMS 0x00000000ea800000, 0x00000000ea800000| Untracked 
| 169|0x00000000ea900000, 0x00000000ea900000, 0x00000000eaa00000|  0%| F|  |TAMS 0x00000000ea900000, 0x00000000ea900000| Untracked 
| 170|0x00000000eaa00000, 0x00000000eaa00000, 0x00000000eab00000|  0%| F|  |TAMS 0x00000000eaa00000, 0x00000000eaa00000| Untracked 
| 171|0x00000000eab00000, 0x00000000eab00000, 0x00000000eac00000|  0%| F|  |TAMS 0x00000000eab00000, 0x00000000eab00000| Untracked 
| 172|0x00000000eac00000, 0x00000000eac00000, 0x00000000ead00000|  0%| F|  |TAMS 0x00000000eac00000, 0x00000000eac00000| Untracked 
| 173|0x00000000ead00000, 0x00000000ead00000, 0x00000000eae00000|  0%| F|  |TAMS 0x00000000ead00000, 0x00000000ead00000| Untracked 
| 174|0x00000000eae00000, 0x00000000eae00000, 0x00000000eaf00000|  0%| F|  |TAMS 0x00000000eae00000, 0x00000000eae00000| Untracked 
| 175|0x00000000eaf00000, 0x00000000eaf00000, 0x00000000eb000000|  0%| F|  |TAMS 0x00000000eaf00000, 0x00000000eaf00000| Untracked 
| 176|0x00000000eb000000, 0x00000000eb000000, 0x00000000eb100000|  0%| F|  |TAMS 0x00000000eb000000, 0x00000000eb000000| Untracked 
| 177|0x00000000eb100000, 0x00000000eb100000, 0x00000000eb200000|  0%| F|  |TAMS 0x00000000eb100000, 0x00000000eb100000| Untracked 
| 178|0x00000000eb200000, 0x00000000eb200000, 0x00000000eb300000|  0%| F|  |TAMS 0x00000000eb200000, 0x00000000eb200000| Untracked 
| 179|0x00000000eb300000, 0x00000000eb300000, 0x00000000eb400000|  0%| F|  |TAMS 0x00000000eb300000, 0x00000000eb300000| Untracked 
| 180|0x00000000eb400000, 0x00000000eb400000, 0x00000000eb500000|  0%| F|  |TAMS 0x00000000eb400000, 0x00000000eb400000| Untracked 
| 181|0x00000000eb500000, 0x00000000eb500000, 0x00000000eb600000|  0%| F|  |TAMS 0x00000000eb500000, 0x00000000eb500000| Untracked 
| 182|0x00000000eb600000, 0x00000000eb600000, 0x00000000eb700000|  0%| F|  |TAMS 0x00000000eb600000, 0x00000000eb600000| Untracked 
| 183|0x00000000eb700000, 0x00000000eb700000, 0x00000000eb800000|  0%| F|  |TAMS 0x00000000eb700000, 0x00000000eb700000| Untracked 
| 184|0x00000000eb800000, 0x00000000eb800000, 0x00000000eb900000|  0%| F|  |TAMS 0x00000000eb800000, 0x00000000eb800000| Untracked 
| 185|0x00000000eb900000, 0x00000000eb900000, 0x00000000eba00000|  0%| F|  |TAMS 0x00000000eb900000, 0x00000000eb900000| Untracked 
| 186|0x00000000eba00000, 0x00000000eba00000, 0x00000000ebb00000|  0%| F|  |TAMS 0x00000000eba00000, 0x00000000eba00000| Untracked 
| 187|0x00000000ebb00000, 0x00000000ebb00000, 0x00000000ebc00000|  0%| F|  |TAMS 0x00000000ebb00000, 0x00000000ebb00000| Untracked 
| 188|0x00000000ebc00000, 0x00000000ebc00000, 0x00000000ebd00000|  0%| F|  |TAMS 0x00000000ebc00000, 0x00000000ebc00000| Untracked 
| 189|0x00000000ebd00000, 0x00000000ebd00000, 0x00000000ebe00000|  0%| F|  |TAMS 0x00000000ebd00000, 0x00000000ebd00000| Untracked 
| 190|0x00000000ebe00000, 0x00000000ebe00000, 0x00000000ebf00000|  0%| F|  |TAMS 0x00000000ebe00000, 0x00000000ebe00000| Untracked 
| 191|0x00000000ebf00000, 0x00000000ebf00000, 0x00000000ec000000|  0%| F|  |TAMS 0x00000000ebf00000, 0x00000000ebf00000| Untracked 
| 192|0x00000000ec000000, 0x00000000ec000000, 0x00000000ec100000|  0%| F|  |TAMS 0x00000000ec000000, 0x00000000ec000000| Untracked 
| 193|0x00000000ec100000, 0x00000000ec100000, 0x00000000ec200000|  0%| F|  |TAMS 0x00000000ec100000, 0x00000000ec100000| Untracked 
| 194|0x00000000ec200000, 0x00000000ec200000, 0x00000000ec300000|  0%| F|  |TAMS 0x00000000ec200000, 0x00000000ec200000| Untracked 
| 195|0x00000000ec300000, 0x00000000ec300000, 0x00000000ec400000|  0%| F|  |TAMS 0x00000000ec300000, 0x00000000ec300000| Untracked 
| 196|0x00000000ec400000, 0x00000000ec400000, 0x00000000ec500000|  0%| F|  |TAMS 0x00000000ec400000, 0x00000000ec400000| Untracked 
| 197|0x00000000ec500000, 0x00000000ec500000, 0x00000000ec600000|  0%| F|  |TAMS 0x00000000ec500000, 0x00000000ec500000| Untracked 
| 198|0x00000000ec600000, 0x00000000ec600000, 0x00000000ec700000|  0%| F|  |TAMS 0x00000000ec600000, 0x00000000ec600000| Untracked 
| 199|0x00000000ec700000, 0x00000000ec700000, 0x00000000ec800000|  0%| F|  |TAMS 0x00000000ec700000, 0x00000000ec700000| Untracked 
| 200|0x00000000ec800000, 0x00000000ec800000, 0x00000000ec900000|  0%| F|  |TAMS 0x00000000ec800000, 0x00000000ec800000| Untracked 
| 201|0x00000000ec900000, 0x00000000ec900000, 0x00000000eca00000|  0%| F|  |TAMS 0x00000000ec900000, 0x00000000ec900000| Untracked 
| 202|0x00000000eca00000, 0x00000000eca00000, 0x00000000ecb00000|  0%| F|  |TAMS 0x00000000eca00000, 0x00000000eca00000| Untracked 
| 203|0x00000000ecb00000, 0x00000000ecb00000, 0x00000000ecc00000|  0%| F|  |TAMS 0x00000000ecb00000, 0x00000000ecb00000| Untracked 
| 204|0x00000000ecc00000, 0x00000000ecc00000, 0x00000000ecd00000|  0%| F|  |TAMS 0x00000000ecc00000, 0x00000000ecc00000| Untracked 
| 205|0x00000000ecd00000, 0x00000000ecd00000, 0x00000000ece00000|  0%| F|  |TAMS 0x00000000ecd00000, 0x00000000ecd00000| Untracked 
| 206|0x00000000ece00000, 0x00000000ece00000, 0x00000000ecf00000|  0%| F|  |TAMS 0x00000000ece00000, 0x00000000ece00000| Untracked 
| 207|0x00000000ecf00000, 0x00000000ecf00000, 0x00000000ed000000|  0%| F|  |TAMS 0x00000000ecf00000, 0x00000000ecf00000| Untracked 
| 208|0x00000000ed000000, 0x00000000ed000000, 0x00000000ed100000|  0%| F|  |TAMS 0x00000000ed000000, 0x00000000ed000000| Untracked 
| 209|0x00000000ed100000, 0x00000000ed100000, 0x00000000ed200000|  0%| F|  |TAMS 0x00000000ed100000, 0x00000000ed100000| Untracked 
| 210|0x00000000ed200000, 0x00000000ed200000, 0x00000000ed300000|  0%| F|  |TAMS 0x00000000ed200000, 0x00000000ed200000| Untracked 
| 211|0x00000000ed300000, 0x00000000ed300000, 0x00000000ed400000|  0%| F|  |TAMS 0x00000000ed300000, 0x00000000ed300000| Untracked 
| 212|0x00000000ed400000, 0x00000000ed400000, 0x00000000ed500000|  0%| F|  |TAMS 0x00000000ed400000, 0x00000000ed400000| Untracked 
| 213|0x00000000ed500000, 0x00000000ed500000, 0x00000000ed600000|  0%| F|  |TAMS 0x00000000ed500000, 0x00000000ed500000| Untracked 
| 214|0x00000000ed600000, 0x00000000ed600000, 0x00000000ed700000|  0%| F|  |TAMS 0x00000000ed600000, 0x00000000ed600000| Untracked 
| 215|0x00000000ed700000, 0x00000000ed700000, 0x00000000ed800000|  0%| F|  |TAMS 0x00000000ed700000, 0x00000000ed700000| Untracked 
| 216|0x00000000ed800000, 0x00000000ed800000, 0x00000000ed900000|  0%| F|  |TAMS 0x00000000ed800000, 0x00000000ed800000| Untracked 
| 217|0x00000000ed900000, 0x00000000ed900000, 0x00000000eda00000|  0%| F|  |TAMS 0x00000000ed900000, 0x00000000ed900000| Untracked 
| 218|0x00000000eda00000, 0x00000000eda00000, 0x00000000edb00000|  0%| F|  |TAMS 0x00000000eda00000, 0x00000000eda00000| Untracked 
| 219|0x00000000edb00000, 0x00000000edb00000, 0x00000000edc00000|  0%| F|  |TAMS 0x00000000edb00000, 0x00000000edb00000| Untracked 
| 220|0x00000000edc00000, 0x00000000edc00000, 0x00000000edd00000|  0%| F|  |TAMS 0x00000000edc00000, 0x00000000edc00000| Untracked 
| 221|0x00000000edd00000, 0x00000000edd00000, 0x00000000ede00000|  0%| F|  |TAMS 0x00000000edd00000, 0x00000000edd00000| Untracked 
| 222|0x00000000ede00000, 0x00000000ede00000, 0x00000000edf00000|  0%| F|  |TAMS 0x00000000ede00000, 0x00000000ede00000| Untracked 
| 223|0x00000000edf00000, 0x00000000edf00000, 0x00000000ee000000|  0%| F|  |TAMS 0x00000000edf00000, 0x00000000edf00000| Untracked 
| 224|0x00000000ee000000, 0x00000000ee000000, 0x00000000ee100000|  0%| F|  |TAMS 0x00000000ee000000, 0x00000000ee000000| Untracked 
| 225|0x00000000ee100000, 0x00000000ee100000, 0x00000000ee200000|  0%| F|  |TAMS 0x00000000ee100000, 0x00000000ee100000| Untracked 
| 226|0x00000000ee200000, 0x00000000ee200000, 0x00000000ee300000|  0%| F|  |TAMS 0x00000000ee200000, 0x00000000ee200000| Untracked 
| 227|0x00000000ee300000, 0x00000000ee300000, 0x00000000ee400000|  0%| F|  |TAMS 0x00000000ee300000, 0x00000000ee300000| Untracked 
| 228|0x00000000ee400000, 0x00000000ee400000, 0x00000000ee500000|  0%| F|  |TAMS 0x00000000ee400000, 0x00000000ee400000| Untracked 
| 229|0x00000000ee500000, 0x00000000ee500000, 0x00000000ee600000|  0%| F|  |TAMS 0x00000000ee500000, 0x00000000ee500000| Untracked 
| 230|0x00000000ee600000, 0x00000000ee600000, 0x00000000ee700000|  0%| F|  |TAMS 0x00000000ee600000, 0x00000000ee600000| Untracked 
| 231|0x00000000ee700000, 0x00000000ee700000, 0x00000000ee800000|  0%| F|  |TAMS 0x00000000ee700000, 0x00000000ee700000| Untracked 
| 232|0x00000000ee800000, 0x00000000ee800000, 0x00000000ee900000|  0%| F|  |TAMS 0x00000000ee800000, 0x00000000ee800000| Untracked 
| 233|0x00000000ee900000, 0x00000000ee900000, 0x00000000eea00000|  0%| F|  |TAMS 0x00000000ee900000, 0x00000000ee900000| Untracked 
| 234|0x00000000eea00000, 0x00000000eea00000, 0x00000000eeb00000|  0%| F|  |TAMS 0x00000000eea00000, 0x00000000eea00000| Untracked 
| 235|0x00000000eeb00000, 0x00000000eeb00000, 0x00000000eec00000|  0%| F|  |TAMS 0x00000000eeb00000, 0x00000000eeb00000| Untracked 
| 236|0x00000000eec00000, 0x00000000eec00000, 0x00000000eed00000|  0%| F|  |TAMS 0x00000000eec00000, 0x00000000eec00000| Untracked 
| 237|0x00000000eed00000, 0x00000000eed00000, 0x00000000eee00000|  0%| F|  |TAMS 0x00000000eed00000, 0x00000000eed00000| Untracked 
| 238|0x00000000eee00000, 0x00000000eee00000, 0x00000000eef00000|  0%| F|  |TAMS 0x00000000eee00000, 0x00000000eee00000| Untracked 
| 239|0x00000000eef00000, 0x00000000eef00000, 0x00000000ef000000|  0%| F|  |TAMS 0x00000000eef00000, 0x00000000eef00000| Untracked 
| 240|0x00000000ef000000, 0x00000000ef000000, 0x00000000ef100000|  0%| F|  |TAMS 0x00000000ef000000, 0x00000000ef000000| Untracked 
| 241|0x00000000ef100000, 0x00000000ef100000, 0x00000000ef200000|  0%| F|  |TAMS 0x00000000ef100000, 0x00000000ef100000| Untracked 
| 242|0x00000000ef200000, 0x00000000ef200000, 0x00000000ef300000|  0%| F|  |TAMS 0x00000000ef200000, 0x00000000ef200000| Untracked 
| 243|0x00000000ef300000, 0x00000000ef300000, 0x00000000ef400000|  0%| F|  |TAMS 0x00000000ef300000, 0x00000000ef300000| Untracked 
| 244|0x00000000ef400000, 0x00000000ef400000, 0x00000000ef500000|  0%| F|  |TAMS 0x00000000ef400000, 0x00000000ef400000| Untracked 
| 245|0x00000000ef500000, 0x00000000ef500000, 0x00000000ef600000|  0%| F|  |TAMS 0x00000000ef500000, 0x00000000ef500000| Untracked 
| 246|0x00000000ef600000, 0x00000000ef600000, 0x00000000ef700000|  0%| F|  |TAMS 0x00000000ef600000, 0x00000000ef600000| Untracked 
| 247|0x00000000ef700000, 0x00000000ef700000, 0x00000000ef800000|  0%| F|  |TAMS 0x00000000ef700000, 0x00000000ef700000| Untracked 
| 248|0x00000000ef800000, 0x00000000ef800000, 0x00000000ef900000|  0%| F|  |TAMS 0x00000000ef800000, 0x00000000ef800000| Untracked 
| 249|0x00000000ef900000, 0x00000000ef900000, 0x00000000efa00000|  0%| F|  |TAMS 0x00000000ef900000, 0x00000000ef900000| Untracked 
| 250|0x00000000efa00000, 0x00000000efa00000, 0x00000000efb00000|  0%| F|  |TAMS 0x00000000efa00000, 0x00000000efa00000| Untracked 
| 251|0x00000000efb00000, 0x00000000efb00000, 0x00000000efc00000|  0%| F|  |TAMS 0x00000000efb00000, 0x00000000efb00000| Untracked 
| 252|0x00000000efc00000, 0x00000000efc00000, 0x00000000efd00000|  0%| F|  |TAMS 0x00000000efc00000, 0x00000000efc00000| Untracked 
| 253|0x00000000efd00000, 0x00000000efd76c80, 0x00000000efe00000| 46%| E|  |TAMS 0x00000000efd00000, 0x00000000efd00000| Complete 
| 254|0x00000000efe00000, 0x00000000eff00000, 0x00000000eff00000|100%| E|CS|TAMS 0x00000000efe00000, 0x00000000efe00000| Complete 
| 255|0x00000000eff00000, 0x00000000f0000000, 0x00000000f0000000|100%| E|CS|TAMS 0x00000000eff00000, 0x00000000eff00000| Complete 

Card table byte_map: [0x000001f99b910000,0x000001f99ba10000] _byte_map_base: 0x000001f99b210000

Marking Bits (Prev, Next): (CMBitMap*) 0x000001f9846ebb20, (CMBitMap*) 0x000001f9846ebb60
 Prev Bits: [0x000001f99bb10000, 0x000001f99c310000)
 Next Bits: [0x000001f99c310000, 0x000001f99cb10000)

Polling page: 0x000001f982500000

Metaspace:

Usage:
  Non-class:    292.64 KB used.
      Class:     24.99 KB used.
       Both:    317.63 KB used.

Virtual space:
  Non-class space:       64.00 MB reserved,     320.00 KB ( <1%) committed,  1 nodes.
      Class space:        1.00 GB reserved,     128.00 KB ( <1%) committed,  1 nodes.
             Both:        1.06 GB reserved,     448.00 KB ( <1%) committed. 

Chunk freelists:
   Non-Class:  11.94 MB
       Class:  15.73 MB
        Both:  27.67 MB

MaxMetaspaceSize: unlimited
CompressedClassSpaceSize: 1.00 GB
Initial GC threshold: 21.00 MB
Current GC threshold: 21.00 MB
CDS: on
MetaspaceReclaimPolicy: balanced
 - commit_granule_bytes: 65536.
 - commit_granule_words: 8192.
 - virtual_space_node_default_size: 8388608.
 - enlarge_chunks_in_place: 1.
 - new_chunks_are_fully_committed: 0.
 - uncommit_free_chunks: 1.
 - use_allocation_guard: 0.
 - handle_deallocations: 1.


Internal statistics:

num_allocs_failed_limit: 0.
num_arena_births: 4.
num_arena_deaths: 0.
num_vsnodes_births: 2.
num_vsnodes_deaths: 0.
num_space_committed: 7.
num_space_uncommitted: 0.
num_chunks_returned_to_freelist: 0.
num_chunks_taken_from_freelist: 11.
num_chunk_merges: 0.
num_chunk_splits: 6.
num_chunks_enlarged: 6.
num_inconsistent_stats: 0.

CodeHeap 'non-profiled nmethods': size=119168Kb used=26Kb max_used=26Kb free=119141Kb
 bounds [0x000001f993b20000, 0x000001f993d90000, 0x000001f99af80000]
CodeHeap 'profiled nmethods': size=119104Kb used=157Kb max_used=157Kb free=118946Kb
 bounds [0x000001f98bf80000, 0x000001f98c1f0000, 0x000001f9933d0000]
CodeHeap 'non-nmethods': size=7488Kb used=1625Kb max_used=1640Kb free=5862Kb
 bounds [0x000001f9933d0000, 0x000001f993640000, 0x000001f993b20000]
 total_blobs=451 nmethods=125 adapters=238
 compilation: enabled
              stopped_count=0, restarted_count=0
 full_count=0

Compilation events (20 events):
Event: 0.201 Thread 0x000001f99fab7de0 nmethod 115 0x000001f993b25a90 code [0x000001f993b25c00, 0x000001f993b25c98]
Event: 0.202 Thread 0x000001f99fab7de0  116  s    4       java.io.BufferedInputStream::read (49 bytes)
Event: 0.202 Thread 0x000001f99fabdcb0  118       3       java.lang.CharacterData::of (136 bytes)
Event: 0.202 Thread 0x000001f99fabdcb0 nmethod 118 0x000001f98bfa3a90 code [0x000001f98bfa3cc0, 0x000001f98bfa4658]
Event: 0.203 Thread 0x000001f99fa737b0 nmethod 117 0x000001f98bfa4890 code [0x000001f98bfa4aa0, 0x000001f98bfa5338]
Event: 0.205 Thread 0x000001f99fab7de0 nmethod 116 0x000001f993b25d90 code [0x000001f993b25f20, 0x000001f993b262e8]
Event: 0.206 Thread 0x000001f99fa737b0  119       3       java.lang.String::getBytes (46 bytes)
Event: 0.206 Thread 0x000001f99fabdcb0  120       3       java.lang.String::substring (58 bytes)
Event: 0.206 Thread 0x000001f99fa737b0 nmethod 119 0x000001f98bfa5610 code [0x000001f98bfa57e0, 0x000001f98bfa5af8]
Event: 0.207 Thread 0x000001f99fabdcb0 nmethod 120 0x000001f98bfa5c10 code [0x000001f98bfa5e00, 0x000001f98bfa62a8]
Event: 0.208 Thread 0x000001f99fa737b0  121       3       java.lang.CharacterDataLatin1::toLowerCase (39 bytes)
Event: 0.208 Thread 0x000001f99fa737b0 nmethod 121 0x000001f98bfa6490 code [0x000001f98bfa6640, 0x000001f98bfa6898]
Event: 0.211 Thread 0x000001f99fa737b0  122       3       java.lang.AbstractStringBuilder::<init> (39 bytes)
Event: 0.211 Thread 0x000001f99fabdcb0  123       3       java.lang.StringBuilder::toString (35 bytes)
Event: 0.211 Thread 0x000001f99fa737b0 nmethod 122 0x000001f98bfa6990 code [0x000001f98bfa6b40, 0x000001f98bfa6dd8]
Event: 0.212 Thread 0x000001f99fabdcb0 nmethod 123 0x000001f98bfa6e90 code [0x000001f98bfa7060, 0x000001f98bfa7338]
Event: 0.212 Thread 0x000001f99fab7de0  124 %     4       java.lang.StringLatin1::indexOfChar @ 7 (33 bytes)
Event: 0.212 Thread 0x000001f99fa737b0  125       3       java.lang.StringBuilder::<init> (7 bytes)
Event: 0.212 Thread 0x000001f99fa737b0 nmethod 125 0x000001f98bfa7410 code [0x000001f98bfa75a0, 0x000001f98bfa76e8]
Event: 0.217 Thread 0x000001f99fab7de0 nmethod 124% 0x000001f993b26410 code [0x000001f993b265a0, 0x000001f993b267f8]

GC Heap History (0 events):
No events

Deoptimization events (0 events):
No events

Classes unloaded (0 events):
No events

Classes redefined (0 events):
No events

Internal exceptions (0 events):
No events

VM Operations (0 events):
No events

Events (20 events):
Event: 0.165 Thread 0x000001f99fa737b0 Thread added: 0x000001f99fa737b0
Event: 0.173 Thread 0x000001f99fd03bf0 Thread added: 0x000001f99fd03bf0
Event: 0.174 loading class sun/nio/cs/DoubleByte$Encoder
Event: 0.174 loading class sun/nio/cs/DoubleByte$Encoder done
Event: 0.174 loading class sun/nio/cs/MS949$EncodeHolder
Event: 0.174 loading class sun/nio/cs/MS949$EncodeHolder done
Event: 0.181 Thread 0x000001f99fd0a8b0 Thread added: 0x000001f99fd0a8b0
Event: 0.185 Loaded shared library D:\jdk\jdk-17.0.12\bin\net.dll
Event: 0.188 Loaded shared library D:\jdk\jdk-17.0.12\bin\nio.dll
Event: 0.192 Loaded shared library D:\jdk\jdk-17.0.12\bin\zip.dll
Event: 0.197 loading class java/net/URLClassLoader
Event: 0.197 loading class java/net/URLClassLoader done
Event: 0.198 loading class java/io/IOException
Event: 0.198 loading class java/io/IOException done
Event: 0.208 loading class java/lang/NumberFormatException
Event: 0.208 loading class java/lang/NumberFormatException done
Event: 0.210 loading class java/lang/IllegalAccessException
Event: 0.210 loading class java/lang/IllegalAccessException done
Event: 0.212 loading class java/util/concurrent/ConcurrentHashMap$ValueSpliterator
Event: 0.212 loading class java/util/concurrent/ConcurrentHashMap$ValueSpliterator done


Dynamic libraries:
0x00007ff7ad0e0000 - 0x00007ff7ad0f0000 	D:\jdk\jdk-17.0.12\bin\java.exe
0x00007ffeecd90000 - 0x00007ffeecf88000 	C:\Windows\SYSTEM32\ntdll.dll
0x00007ffeebdd0000 - 0x00007ffeebe92000 	C:\Windows\System32\KERNEL32.DLL
0x00007ffeea680000 - 0x00007ffeea97e000 	C:\Windows\System32\KERNELBASE.dll
0x00007ffeeacb0000 - 0x00007ffeeadb0000 	C:\Windows\System32\ucrtbase.dll
0x00007ffeda920000 - 0x00007ffeda939000 	D:\jdk\jdk-17.0.12\bin\jli.dll
0x00007ffecae70000 - 0x00007ffecae8b000 	D:\jdk\jdk-17.0.12\bin\VCRUNTIME140.dll
0x00007ffeeaf70000 - 0x00007ffeeb021000 	C:\Windows\System32\ADVAPI32.dll
0x00007ffeec9c0000 - 0x00007ffeeca5e000 	C:\Windows\System32\msvcrt.dll
0x00007ffeeca60000 - 0x00007ffeecaff000 	C:\Windows\System32\sechost.dll
0x00007ffeecc20000 - 0x00007ffeecd43000 	C:\Windows\System32\RPCRT4.dll
0x00007ffeea550000 - 0x00007ffeea577000 	C:\Windows\System32\bcrypt.dll
0x00007ffeec810000 - 0x00007ffeec9ad000 	C:\Windows\System32\USER32.dll
0x00007ffeda0c0000 - 0x00007ffeda35a000 	C:\Windows\WinSxS\amd64_microsoft.windows.common-controls_6595b64144ccf1df_6.0.19041.4355_none_60b8b9eb71f62e16\COMCTL32.dll
0x00007ffeeab50000 - 0x00007ffeeab72000 	C:\Windows\System32\win32u.dll
0x00007ffeebd20000 - 0x00007ffeebd4b000 	C:\Windows\System32\GDI32.dll
0x00007ffeea430000 - 0x00007ffeea547000 	C:\Windows\System32\gdi32full.dll
0x00007ffeeab80000 - 0x00007ffeeac1d000 	C:\Windows\System32\msvcp_win.dll
0x00007ffee36a0000 - 0x00007ffee36aa000 	C:\Windows\SYSTEM32\VERSION.dll
0x00007ffeeb300000 - 0x00007ffeeb32f000 	C:\Windows\System32\IMM32.DLL
0x00007ffecae60000 - 0x00007ffecae6c000 	D:\jdk\jdk-17.0.12\bin\vcruntime140_1.dll
0x00007ffec7620000 - 0x00007ffec76ae000 	D:\jdk\jdk-17.0.12\bin\msvcp140.dll
0x00007ffe6cbd0000 - 0x00007ffe6d7b0000 	D:\jdk\jdk-17.0.12\bin\server\jvm.dll
0x00007ffeec090000 - 0x00007ffeec098000 	C:\Windows\System32\PSAPI.DLL
0x00007ffee0180000 - 0x00007ffee0189000 	C:\Windows\SYSTEM32\WSOCK32.dll
0x00007ffee2910000 - 0x00007ffee2937000 	C:\Windows\SYSTEM32\WINMM.dll
0x00007ffeeb030000 - 0x00007ffeeb09b000 	C:\Windows\System32\WS2_32.dll
0x00007ffee8290000 - 0x00007ffee82a2000 	C:\Windows\SYSTEM32\kernel.appcore.dll
0x00007ffecae50000 - 0x00007ffecae5a000 	D:\jdk\jdk-17.0.12\bin\jimage.dll
0x00007ffed98a0000 - 0x00007ffed9a84000 	C:\Windows\SYSTEM32\DBGHELP.DLL
0x00007ffed9390000 - 0x00007ffed93c4000 	C:\Windows\SYSTEM32\dbgcore.DLL
0x00007ffeeac20000 - 0x00007ffeeaca2000 	C:\Windows\System32\bcryptPrimitives.dll
0x00007ffec75f0000 - 0x00007ffec7615000 	D:\jdk\jdk-17.0.12\bin\java.dll
0x00007ffe77b60000 - 0x00007ffe77c37000 	D:\jdk\jdk-17.0.12\bin\jsvml.dll
0x00007ffeec0a0000 - 0x00007ffeec80d000 	C:\Windows\System32\SHELL32.dll
0x00007ffee8490000 - 0x00007ffee8c34000 	C:\Windows\SYSTEM32\windows.storage.dll
0x00007ffeeb4e0000 - 0x00007ffeeb833000 	C:\Windows\System32\combase.dll
0x00007ffee9d80000 - 0x00007ffee9dae000 	C:\Windows\SYSTEM32\Wldp.dll
0x00007ffeeadb0000 - 0x00007ffeeae7d000 	C:\Windows\System32\OLEAUT32.dll
0x00007ffeebfe0000 - 0x00007ffeec08d000 	C:\Windows\System32\SHCORE.dll
0x00007ffeeb0c0000 - 0x00007ffeeb115000 	C:\Windows\System32\shlwapi.dll
0x00007ffeea360000 - 0x00007ffeea384000 	C:\Windows\SYSTEM32\profapi.dll
0x00007ffec6f50000 - 0x00007ffec6f69000 	D:\jdk\jdk-17.0.12\bin\net.dll
0x00007ffee4ae0000 - 0x00007ffee4bed000 	C:\Windows\SYSTEM32\WINHTTP.dll
0x00007ffee9b60000 - 0x00007ffee9bca000 	C:\Windows\system32\mswsock.dll
0x00007ffec54a0000 - 0x00007ffec54b6000 	D:\jdk\jdk-17.0.12\bin\nio.dll
0x00007ffeca470000 - 0x00007ffeca488000 	D:\jdk\jdk-17.0.12\bin\zip.dll

dbghelp: loaded successfully - version: 4.0.5 - missing functions: none
symbol engine: initialized successfully - sym options: 0x614 - pdb path: .;D:\jdk\jdk-17.0.12\bin;C:\Windows\SYSTEM32;C:\Windows\WinSxS\amd64_microsoft.windows.common-controls_6595b64144ccf1df_6.0.19041.4355_none_60b8b9eb71f62e16;D:\jdk\jdk-17.0.12\bin\server

VM Arguments:
jvm_args: -Dorg.gradle.internal.worker.tmpdir=D:\jewoo\coding_test_java\build\tmp\test\work -Xmx512m -Dfile.encoding=UTF-8 -Duser.country=KR -Duser.language=ko -Duser.variant -ea 
java_command: worker.org.gradle.process.internal.worker.GradleWorkerMain 'Gradle Test Executor 2'
java_class_path (initial): C:\\Users\\heri\\.gradle\\caches\\8.10.2\\workerMain\\gradle-worker.jar;D:\\jewoo\\coding_test_java\\build\\classes\\java\\test;D:\\jewoo\\coding_test_java\\build\\classes\\java\\main;D:\\jewoo\\coding_test_java\\build\\resources\\main;C:\\Users\\heri\\.gradle\\caches\\modules-2\\files-2.1\\org.springframework.boot\\spring-boot-starter-web\\3.0.2\\3f6a2cb4cb11bac3611f5a95e234589eb190dd29\\spring-boot-starter-web-3.0.2.jar;C:\\Users\\heri\\.gradle\\caches\\modules-2\\files-2.1\\org.springframework.boot\\spring-boot-starter-test\\3.0.2\\167ec01ebb1d4d5f955aa25e027fe25336116925\\spring-boot-starter-test-3.0.2.jar;C:\\Users\\heri\\.gradle\\caches\\modules-2\\files-2.1\\org.junit.jupiter\\junit-jupiter\\5.9.2\\26c586fbe0ebd81b48c9f11f0d998124248697ae\\junit-jupiter-5.9.2.jar;C:\\Users\\heri\\.gradle\\caches\\modules-2\\files-2.1\\org.junit.jupiter\\junit-jupiter-engine\\5.9.2\\572f7a553b53f83ee59cc045ce1c3772864ab76c\\junit-jupiter-engine-5.9.2.jar;C:\\Users\\heri\\.gradle\\caches\\modules-2\\files-2.1\\org.junit.platform\\junit-platform-engine\\1.9.2\\40aeef2be7b04f96bb91e8b054affc28b7c7c935\\junit-platform-engine-1.9.2.jar;C:\\Users\\heri\\.gradle\\caches\\modules-2\\files-2.1\\org.mockito\\mockito-junit-jupiter\\4.8.1\\e393aa62eca2244a535b03842843f2f199343d1f\\mockito-junit-jupiter-4.8.1.jar;C:\\Users\\heri\\.gradle\\caches\\modules-2\\files-2.1\\org.junit.jupiter\\junit-jupiter-params\\5.9.2\\bc2765afb7b85b583c710dd259a11c6b8c39e912\\junit-jupiter-params-5.9.2.jar;C:\\Users\\heri\\.gradle\\caches\\modules-2\\files-2.1\\org.junit.jupiter\\junit-jupiter-api\\5.9.2\\fed843581520eac594bc36bb4b0f55e7b947dda9\\junit-jupiter-api-5.9.2.jar;C:\\Users\\heri\\.gradle\\caches\\modules-2\\files-2.1\\org.junit.platform\\junit-platform-commons\\1.9.2\\6f9f8621d8230cd38aa42e58ccbc0c00569131ce\\junit-platform-commons-1.9.2.jar;C:\\Users\\heri\\.gradle\\caches\\modules-2\\files-2.1\\org.junit.platform\\junit-platform-launcher\\1.9.2\\38e0bfad8c57d4cd1a8f27
Launcher Type: SUN_STANDARD

[Global flags]
     intx CICompilerCount                          = 12                                        {product} {ergonomic}
     uint ConcGCThreads                            = 3                                         {product} {ergonomic}
     uint G1ConcRefinementThreads                  = 13                                        {product} {ergonomic}
   size_t G1HeapRegionSize                         = 1048576                                   {product} {ergonomic}
    uintx GCDrainStackTargetSize                   = 64                                        {product} {ergonomic}
   size_t InitialHeapSize                          = 268435456                                 {product} {ergonomic}
   size_t MarkStackSize                            = 4194304                                   {product} {ergonomic}
   size_t MaxHeapSize                              = 536870912                                 {product} {command line}
   size_t MaxNewSize                               = 321912832                                 {product} {ergonomic}
   size_t MinHeapDeltaBytes                        = 1048576                                   {product} {ergonomic}
   size_t MinHeapSize                              = 8388608                                   {product} {ergonomic}
    uintx NonNMethodCodeHeapSize                   = 7602480                                {pd product} {ergonomic}
    uintx NonProfiledCodeHeapSize                  = 122027880                              {pd product} {ergonomic}
    uintx ProfiledCodeHeapSize                     = 122027880                              {pd product} {ergonomic}
    uintx ReservedCodeCacheSize                    = 251658240                              {pd product} {ergonomic}
     bool SegmentedCodeCache                       = true                                      {product} {ergonomic}
   size_t SoftMaxHeapSize                          = 536870912                              {manageable} {ergonomic}
     bool UseCompressedClassPointers               = true                           {product lp64_product} {ergonomic}
     bool UseCompressedOops                        = true                           {product lp64_product} {ergonomic}
     bool UseG1GC                                  = true                                      {product} {ergonomic}
     bool UseLargePagesIndividualAllocation        = false                                  {pd product} {ergonomic}

Logging:
Log output configuration:
 #0: stdout all=warning uptime,level,tags
 #1: stderr all=off uptime,level,tags

Environment Variables:
JAVA_HOME=D:\jdk\jdk-17.0.12
PATH=C:\Windows\system32;C:\Windows;C:\Windows\System32\Wbem;C:\Windows\System32\WindowsPowerShell\v1.0\;C:\Windows\System32\OpenSSH\;C:\Program Files (x86)\NVIDIA Corporation\PhysX\Common;C:\Program Files\TortoiseSVN\bin;C:\Users\heri\AppData\Local\Programs\Python\Python36\Scripts\virtualenv;C:\src\flutter\bin;C:\Program Files\TortoiseGit\bin;C:\Program Files\nodejs\;C:\Program Files\PuTTY\;C:\Program Files (x86)\ATI Technologies\ATI.ACE\Core-Static;D:\_;D:\;\UE;;;;C:\Program Files\Git\cmd;C:\Users\heri\AppData\Local\Programs\Python\Python36\Scripts\;C:\Users\heri\AppData\Local\Programs\Python\Python36\;C:\Users\heri\AppData\Local\Microsoft\WindowsApps;C:\Users\heri\AppData\Roaming\npm;C:\Users\heri\AppData\Local\JetBrains\Toolbox\scripts;C:\Program Files\JetBrains\IntelliJ IDEA Community Edition 2023.2.8\bin;D:\jdk\jdk-17.0.12\bin
USERNAME=heri
OS=Windows_NT
PROCESSOR_IDENTIFIER=Intel64 Family 6 Model 165 Stepping 5, GenuineIntel



---------------  S Y S T E M  ---------------

OS:
 Windows 10 , 64 bit Build 19041 (10.0.19041.5072)
OS uptime: 0 days 3:58 hours
Hyper-V role detected

CPU: total 16 (initial active 16) (8 cores per cpu, 2 threads per core) family 6 model 165 stepping 5 microcode 0xca, cx8, cmov, fxsr, ht, mmx, 3dnowpref, sse, sse2, sse3, ssse3, sse4.1, sse4.2, popcnt, lzcnt, tsc, tscinvbit, avx, avx2, aes, erms, clmul, bmi1, bmi2, adx, fma, vzeroupper, clflush, clflushopt, hv

Memory: 4k page, system-wide physical 16310M (5212M free)
TotalPageFile size 17334M (AvailPageFile size 3891M)
current process WorkingSet (physical memory assigned to process): 36M, peak: 36M
current process commit charge ("private bytes"): 353M, peak: 353M

vm_info: Java HotSpot(TM) 64-Bit Server VM (17.0.12+8-LTS-286) for windows-amd64 JRE (17.0.12+8-LTS-286), built on Jun  5 2024 06:46:59 by "mach5one" with MS VC++ 17.6 (VS2022)

END.
